<?xml version="1.0" encoding="UTF-8"?>
<testsuite xmlns:xsi="http://www.w3.org/2001/XMLSchema-instance" xsi:noNamespaceSchemaLocation="https://maven.apache.org/surefire/maven-surefire-plugin/xsd/surefire-test-report-3.0.xsd" version="3.0" name="com.projectname.runners.TestRunner" time="21.529" tests="1" errors="0" skipped="0" failures="0">
  <properties>
[...]
</properties>
  <testcase name="Successful login with valid credentials" classname="Login Functionality" time="19.221">
    <system-out><![CDATA[
Scenario: Successful login with valid credentials                   # src/test/resources/features/login.feature:3
22:49:08.464 [main] INFO  com.projectname.pages.LoginPage - ----------------------------https://cgrproducts.ballistixcrm.com/index.php
  Given user launches the application                               # com.projectname.stepDefinitions.LoginSteps.launchApplication()
  When user enters username "admin" and password "WigitrU*ey+p$st3" # com.projectname.stepDefinitions.LoginSteps.enterCredentials(java.lang.String,java.lang.String)
Dashboard verification started
  Then user should see the dashboard                                # com.projectname.stepDefinitions.LoginSteps.verifyDashboard()
]]></system-out>
    <system-err><![CDATA[SLF4J(W): No SLF4J providers were found.
SLF4J(W): Defaulting to no-operation (NOP) logger implementation
SLF4J(W): See https://www.slf4j.org/codes.html#noProviders for further details.
Apr 20, 2025 10:49:07 PM org.openqa.selenium.devtools.CdpVersionFinder findNearestMatch
WARNING: Unable to find CDP implementation matching 135
Apr 20, 2025 10:49:07 PM org.openqa.selenium.chromium.ChromiumDriver lambda$new$5
WARNING: Unable to find version of CDP to use for 135.0.7049.96. You may need to include a dependency on a specific version of the CDP using something similar to `org.seleniumhq.selenium:selenium-devtools-v86:4.18.1` where the version ("v86") matches the version of the chromium-based browser you're using and the version number of the artifact is the same as Selenium's.
]]></system-err>
  </testcase>
</testsuite>