<?xml version="1.0" encoding="UTF-8"?>
<!-- Generated by org.testng.reporters.JUnitReportReporter -->
<testsuite hostname="SUBHASMITA-LAPTOP" failures="0" tests="1" name="com.projectname.runners.TestRunner" time="0.196" errors="1" timestamp="2025-04-20T18:05:14 IST" skipped="0">
  <testcase classname="com.projectname.runners.TestRunner" name="runScenario" time="0.196">
    <error message="Cannot invoke &quot;org.openqa.selenium.WebDriver.get(String)&quot; because &quot;this.driver&quot; is null" type="java.lang.NullPointerException">
      <![CDATA[java.lang.NullPointerException: Cannot invoke "org.openqa.selenium.WebDriver.get(String)" because "this.driver" is null
at com.projectname.stepDefinitions.LoginSteps.launchApplication(LoginSteps.java:16)
at ✽.user launches the application(file:///C:/Users/LENOVO/eclipse-workspace/office_basket_ui_bdd/src/test/resources/features/login.feature:4)
]]>
    </error>
  </testcase> <!-- runScenario -->
</testsuite> <!-- com.projectname.runners.TestRunner -->
